0 info it worked if it ends with ok
1 verbose cli [ '/Users/alexyoung/.nvm/versions/node/v6.11.0/bin/node',
1 verbose cli   '/Users/alexyoung/.nvm/versions/node/v6.11.0/bin/npm',
1 verbose cli   'run',
1 verbose cli   'test' ]
2 info using npm@3.10.10
3 info using node@v6.11.0
4 verbose run-script [ 'pretest', 'test', 'posttest' ]
5 info lifecycle react-doc-props@0.1.16~pretest: react-doc-props@0.1.16
6 silly lifecycle react-doc-props@0.1.16~pretest: no script for pretest, continuing
7 info lifecycle react-doc-props@0.1.16~test: react-doc-props@0.1.16
8 verbose lifecycle react-doc-props@0.1.16~test: unsafe-perm in lifecycle true
9 verbose lifecycle react-doc-props@0.1.16~test: PATH: /Users/alexyoung/.nvm/versions/node/v6.11.0/lib/node_modules/npm/bin/node-gyp-bin:/Users/alexyoung/Code/react-doc-props/node_modules/.bin:/Users/alexyoung/.nvm/versions/node/v6.11.0/bin:/usr/local/bin:/usr/bin:/bin:/usr/sbin:/sbin:/Library/Frameworks/Mono.framework/Versions/Current/Commands
10 verbose lifecycle react-doc-props@0.1.16~test: CWD: /Users/alexyoung/Code/react-doc-props
11 silly lifecycle react-doc-props@0.1.16~test: Args: [ '-c',
11 silly lifecycle   'jest --coverage && cat ./coverage/lcov.info | ./node_modules/coveralls/bin/coveralls.js' ]
12 silly lifecycle react-doc-props@0.1.16~test: Returned: code: 1  signal: null
13 info lifecycle react-doc-props@0.1.16~test: Failed to exec test script
14 verbose stack Error: react-doc-props@0.1.16 test: `jest --coverage && cat ./coverage/lcov.info | ./node_modules/coveralls/bin/coveralls.js`
14 verbose stack Exit status 1
14 verbose stack     at EventEmitter.<anonymous> (/Users/alexyoung/.nvm/versions/node/v6.11.0/lib/node_modules/npm/lib/utils/lifecycle.js:255:16)
14 verbose stack     at emitTwo (events.js:106:13)
14 verbose stack     at EventEmitter.emit (events.js:191:7)
14 verbose stack     at ChildProcess.<anonymous> (/Users/alexyoung/.nvm/versions/node/v6.11.0/lib/node_modules/npm/lib/utils/spawn.js:40:14)
14 verbose stack     at emitTwo (events.js:106:13)
14 verbose stack     at ChildProcess.emit (events.js:191:7)
14 verbose stack     at maybeClose (internal/child_process.js:891:16)
14 verbose stack     at Process.ChildProcess._handle.onexit (internal/child_process.js:226:5)
15 verbose pkgid react-doc-props@0.1.16
16 verbose cwd /Users/alexyoung/Code/react-doc-props
17 error Darwin 16.6.0
18 error argv "/Users/alexyoung/.nvm/versions/node/v6.11.0/bin/node" "/Users/alexyoung/.nvm/versions/node/v6.11.0/bin/npm" "run" "test"
19 error node v6.11.0
20 error npm  v3.10.10
21 error code ELIFECYCLE
22 error react-doc-props@0.1.16 test: `jest --coverage && cat ./coverage/lcov.info | ./node_modules/coveralls/bin/coveralls.js`
22 error Exit status 1
23 error Failed at the react-doc-props@0.1.16 test script 'jest --coverage && cat ./coverage/lcov.info | ./node_modules/coveralls/bin/coveralls.js'.
23 error Make sure you have the latest version of node.js and npm installed.
23 error If you do, this is most likely a problem with the react-doc-props package,
23 error not with npm itself.
23 error Tell the author that this fails on your system:
23 error     jest --coverage && cat ./coverage/lcov.info | ./node_modules/coveralls/bin/coveralls.js
23 error You can get information on how to open an issue for this project with:
23 error     npm bugs react-doc-props
23 error Or if that isn't available, you can get their info via:
23 error     npm owner ls react-doc-props
23 error There is likely additional logging output above.
24 verbose exit [ 1, true ]
